2017-11-06 20:37:54,450 INFO 载入数据......
2017-11-06 20:37:54,513 DEBUG 载入完成,准备生成字典对象和统计文本数据...
2017-11-06 20:37:54,515 INFO 共有11个文档
2017-11-06 20:37:54,528 INFO 词与序号对应关系已保存到D:\PythonProgram\python-LDA-master\data\tmp\wordidmap.dat
2017-11-06 20:37:55,417 INFO 迭代完成。
2017-11-06 20:37:55,417 DEBUG 计算文章-主题分布
2017-11-06 20:37:55,417 DEBUG 计算词-主题分布
2017-11-06 20:37:55,417 DEBUG 保存模型
2017-11-06 20:37:55,418 INFO 文章-主题分布已保存到D:\PythonProgram\python-LDA-master\data\tmp\model_theta.dat
2017-11-06 20:37:55,418 INFO 词-主题分布已保存到D:\PythonProgram\python-LDA-master\data\tmp\model_phi.dat
2017-11-06 20:37:55,421 INFO 参数设置已保存到D:\PythonProgram\python-LDA-master\data\tmp\model_parameter.dat
2017-11-06 20:37:55,421 INFO 主题topN词已保存到D:\PythonProgram\python-LDA-master\data\tmp\model_twords.dat
2017-11-06 20:37:55,443 INFO 文章-词-主题分派结果已保存到D:\PythonProgram\python-LDA-master\data\tmp\model_tassign.dat
2017-11-06 20:37:55,444 INFO 模型训练完成。
2017-11-06 20:42:39,921 INFO 载入数据......
2017-11-06 20:42:39,921 DEBUG 载入完成,准备生成字典对象和统计文本数据...
2017-11-06 20:42:39,923 INFO 共有11个文档
2017-11-06 20:42:39,924 INFO 词与序号对应关系已保存到D:\PythonProgram\python-LDA-master\data\tmp\wordidmap.dat
2017-11-06 20:42:40,802 INFO 迭代完成。
2017-11-06 20:42:40,802 DEBUG 计算文章-主题分布
2017-11-06 20:42:40,802 DEBUG 计算词-主题分布
2017-11-06 20:42:40,802 DEBUG 保存模型
2017-11-06 20:42:40,802 INFO 文章-主题分布已保存到D:\PythonProgram\python-LDA-master\data\tmp\model_theta.dat
2017-11-06 20:42:40,802 INFO 词-主题分布已保存到D:\PythonProgram\python-LDA-master\data\tmp\model_phi.dat
2017-11-06 20:42:40,802 INFO 参数设置已保存到D:\PythonProgram\python-LDA-master\data\tmp\model_parameter.dat
2017-11-06 20:42:40,802 INFO 主题topN词已保存到D:\PythonProgram\python-LDA-master\data\tmp\model_twords.dat
2017-11-06 20:42:40,835 INFO 文章-词-主题分派结果已保存到D:\PythonProgram\python-LDA-master\data\tmp\model_tassign.dat
2017-11-06 20:42:40,835 INFO 模型训练完成。
2017-11-06 20:44:22,052 INFO 载入数据......
2017-11-06 20:44:22,052 DEBUG 载入完成,准备生成字典对象和统计文本数据...
2017-11-06 20:44:22,052 INFO 共有11个文档
2017-11-06 20:44:22,052 INFO 词与序号对应关系已保存到D:\PythonProgram\python-LDA-master\data\tmp\wordidmap.dat
2017-11-06 20:44:22,894 INFO 迭代完成。
2017-11-06 20:44:22,894 DEBUG 计算文章-主题分布
2017-11-06 20:44:22,894 DEBUG 计算词-主题分布
2017-11-06 20:44:22,894 DEBUG 保存模型
2017-11-06 20:44:22,894 INFO 文章-主题分布已保存到D:\PythonProgram\python-LDA-master\data\tmp\model_theta.dat
2017-11-06 20:44:22,895 INFO 词-主题分布已保存到D:\PythonProgram\python-LDA-master\data\tmp\model_phi.dat
2017-11-06 20:44:22,898 INFO 参数设置已保存到D:\PythonProgram\python-LDA-master\data\tmp\model_parameter.dat
2017-11-06 20:44:22,898 INFO 主题topN词已保存到D:\PythonProgram\python-LDA-master\data\tmp\model_twords.dat
2017-11-06 20:44:22,918 INFO 文章-词-主题分派结果已保存到D:\PythonProgram\python-LDA-master\data\tmp\model_tassign.dat
2017-11-06 20:44:22,920 INFO 模型训练完成。
2017-11-06 20:54:00,332 INFO 载入数据......
2017-11-06 20:54:00,332 DEBUG 载入完成,准备生成字典对象和统计文本数据...
2017-11-06 20:54:00,361 INFO 共有100个文档
2017-11-06 20:54:00,380 INFO 词与序号对应关系已保存到D:\PythonProgram\python-LDA-master\data\tmp\wordidmap.dat
2017-11-06 20:55:23,736 INFO 迭代完成。
2017-11-06 20:55:23,736 DEBUG 计算文章-主题分布
2017-11-06 20:55:23,737 DEBUG 计算词-主题分布
2017-11-06 20:55:23,739 DEBUG 保存模型
2017-11-06 20:55:23,739 INFO 文章-主题分布已保存到D:\PythonProgram\python-LDA-master\data\tmp\model_theta.dat
2017-11-06 20:55:23,740 INFO 词-主题分布已保存到D:\PythonProgram\python-LDA-master\data\tmp\model_phi.dat
2017-11-06 20:55:23,823 INFO 参数设置已保存到D:\PythonProgram\python-LDA-master\data\tmp\model_parameter.dat
2017-11-06 20:55:23,825 INFO 主题topN词已保存到D:\PythonProgram\python-LDA-master\data\tmp\model_twords.dat
2017-11-06 20:55:25,210 INFO 文章-词-主题分派结果已保存到D:\PythonProgram\python-LDA-master\data\tmp\model_tassign.dat
2017-11-06 20:55:25,239 INFO 模型训练完成。
2017-11-06 20:59:53,799 INFO 载入数据......
2017-11-06 20:59:53,799 DEBUG 载入完成,准备生成字典对象和统计文本数据...
2017-11-06 20:59:53,799 INFO 共有2个文档
2017-11-06 20:59:53,799 INFO 词与序号对应关系已保存到D:\PythonProgram\python-LDA-master\data\tmp\wordidmap.dat
2017-11-06 20:59:53,911 INFO 迭代完成。
2017-11-06 20:59:53,911 DEBUG 计算文章-主题分布
2017-11-06 20:59:53,911 DEBUG 计算词-主题分布
2017-11-06 20:59:53,911 DEBUG 保存模型
2017-11-06 20:59:53,911 INFO 文章-主题分布已保存到D:\PythonProgram\python-LDA-master\data\tmp\model_theta.dat
2017-11-06 20:59:53,913 INFO 词-主题分布已保存到D:\PythonProgram\python-LDA-master\data\tmp\model_phi.dat
2017-11-06 20:59:53,913 INFO 参数设置已保存到D:\PythonProgram\python-LDA-master\data\tmp\model_parameter.dat
2017-11-06 20:59:53,914 INFO 主题topN词已保存到D:\PythonProgram\python-LDA-master\data\tmp\model_twords.dat
2017-11-06 20:59:53,917 INFO 文章-词-主题分派结果已保存到D:\PythonProgram\python-LDA-master\data\tmp\model_tassign.dat
2017-11-06 20:59:53,917 INFO 模型训练完成。
